<?xml version="1.0" encoding="UTF-8"?>
<!-- Generated by org.testng.reporters.JUnitReportReporter -->
<testsuite skipped="1" hostname="MEHAVARNAN" name="gettingstarted.SimpleGetTest" tests="2" failures="0" timestamp="12 Aug 2018 13:32:27 GMT" time="3.882" errors="0">
  <testcase name="GetWeatherDetailsCondensed" time="3.882" classname="gettingstarted.SimpleGetTest"/>
  <testcase name="getWeatherDetails" classname="gettingstarted.SimpleGetTest">
    <skipped/>
  </testcase> <!-- getWeatherDetails -->
</testsuite> <!-- gettingstarted.SimpleGetTest -->
