<?xml version="1.0" encoding="UTF-8"?>
<!-- Generated by org.testng.reporters.JUnitReportReporter -->
<testsuite skipped="2" hostname="MEHAVARNAN" name="gettingstarted.ValidatingResponseStatus" tests="3" failures="0" timestamp="12 Aug 2018 13:34:00 GMT" time="3.427" errors="0">
  <testcase name="validateStatusLine" time="3.427" classname="gettingstarted.ValidatingResponseStatus"/>
  <testcase name="validateStatusCode_inValid" classname="gettingstarted.ValidatingResponseStatus">
    <skipped/>
  </testcase> <!-- validateStatusCode_inValid -->
  <testcase name="validateStatusCode_valid" classname="gettingstarted.ValidatingResponseStatus">
    <skipped/>
  </testcase> <!-- validateStatusCode_valid -->
</testsuite> <!-- gettingstarted.ValidatingResponseStatus -->
