<?xml version="1.0" encoding="UTF-8"?>
<!-- Generated by org.testng.reporters.JUnitReportReporter -->
<testsuite skipped="1" hostname="MEHAVARNAN" name="gettingstarted.ValidateResponseHeaders" tests="2" failures="0" timestamp="12 Aug 2018 13:57:16 GMT" time="3.946" errors="0">
  <testcase name="getAllHeaders" time="3.946" classname="gettingstarted.ValidateResponseHeaders"/>
  <testcase name="GetWeatherHeaders" classname="gettingstarted.ValidateResponseHeaders">
    <skipped/>
  </testcase> <!-- GetWeatherHeaders -->
</testsuite> <!-- gettingstarted.ValidateResponseHeaders -->
